\BOOKMARK [0][-]{chapter.1}{\376\377\004\022\004\062\004\065\004\064\004\065\004\075\004\070\004\065}{}% 1
\BOOKMARK [0][-]{chapter.2}{\376\377\004\034\004\076\004\064\004\065\004\073\004\114\000\040\004\101\004\060\004\074\004\076\004\101\004\102\004\100\004\103\004\072\004\102\004\103\004\100\004\070\004\100\004\103\004\116\004\111\004\070\004\105\004\101\004\117\000\040\004\101\004\076\004\076\004\061\004\111\004\065\004\101\004\102\004\062\000\040\004\043\004\073\004\114\004\104\004\060\000\040\004\024\004\070\004\072\004\074\004\060\004\075\004\060}{}% 2
\BOOKMARK [1][-]{section.2.1}{\376\377\004\037\004\100\004\076\004\101\004\102\004\100\004\060\004\075\004\101\004\102\004\062\004\065\004\075\004\075\004\113\004\065\000\040\004\074\004\076\004\074\004\065\004\075\004\102\004\113}{chapter.2}% 3
\BOOKMARK [1][-]{section.2.2}{\376\377\004\041\004\076\004\061\004\113\004\102\004\070\004\117\000\040\004\064\004\070\004\075\004\060\004\074\004\070\004\072\004\070\000\040\004\074\004\076\004\064\004\065\004\073\004\070}{chapter.2}% 4
\BOOKMARK [2][-]{subsection.2.2.1}{\376\377\004\040\004\076\004\066\004\064\004\065\004\075\004\070\004\065\000\040\004\075\004\076\004\062\004\076\004\063\004\076\000\040\004\070\004\075\004\064\004\070\004\062\004\070\004\064\004\060}{section.2.2}% 5
\BOOKMARK [2][-]{subsection.2.2.2}{\376\377\004\023\004\070\004\061\004\065\004\073\004\114\000\040\004\070\004\075\004\064\004\070\004\062\004\070\004\064\004\060}{section.2.2}% 6
\BOOKMARK [1][-]{section.2.3}{\376\377\004\024\004\070\004\075\004\060\004\074\004\070\004\072\004\060\000\040\004\074\004\076\004\074\004\065\004\075\004\102\004\076\004\062}{chapter.2}% 7
\BOOKMARK [1][-]{section.2.4}{\376\377\004\027\004\060\004\074\004\113\004\072\004\060\004\075\004\070\004\117\000\040\004\077\004\100\004\076\004\101\004\102\004\100\004\060\004\075\004\101\004\102\004\062\004\065\004\075\004\075\004\113\004\105\000\040\004\074\004\076\004\074\004\065\004\075\004\102\004\076\004\062}{chapter.2}% 8
\BOOKMARK [2][-]{subsection.2.4.1}{\376\377\004\035\004\065\004\076\004\061\004\105\004\076\004\064\004\070\004\074\004\113\004\065\000\040\004\102\004\100\004\065\004\061\004\076\004\062\004\060\004\075\004\070\004\117\000\040\004\075\004\060\000\040\004\067\004\060\004\074\004\113\004\072\004\060\004\075\004\070\004\117}{section.2.4}% 9
\BOOKMARK [2][-]{subsection.2.4.2}{\376\377\004\024\004\076\004\101\004\102\004\060\004\102\004\076\004\107\004\075\004\076\004\065\000\040\004\102\004\100\004\065\004\061\004\076\004\062\004\060\004\075\004\070\004\065\000\040\004\075\004\060\000\040\004\067\004\060\004\074\004\113\004\072\004\060\004\075\004\070\004\117}{section.2.4}% 10
\BOOKMARK [0][-]{chapter.3}{\376\377\004\037\004\076\004\101\004\102\004\060\004\075\004\076\004\062\004\072\004\060\000\040\004\067\004\060\004\064\004\060\004\107\004\070}{}% 11
\BOOKMARK [0][-]{chapter.4}{\376\377\004\055\004\062\004\100\004\070\004\101\004\102\004\070\004\072\004\070\000\040\004\107\004\070\004\101\004\073\004\065\004\075\004\075\004\076\004\063\004\076\000\040\004\074\004\065\004\102\004\076\004\064\004\060\000\040\004\062\000\040\004\101\004\073\004\103\004\107\004\060\004\117\004\105\000\040\000\040\000R\0002\000\040\000\040\000a\000n\000d\000\040\000\040\000R\0003\000\040}{}% 12
\BOOKMARK [1][-]{section.4.1}{\376\377\004\043\004\101\004\072\004\076\004\100\004\065\004\075\004\070\004\065\000\040\004\062\004\113\004\107\004\070\004\101\004\073\004\065\004\075\004\070\004\071\000\040\004\062\000\040\004\064\004\062\004\103\004\074\004\065\004\100\004\075\004\076\004\074\000\040\004\101\004\073\004\103\004\107\004\060\004\065}{chapter.4}% 13
\BOOKMARK [1][-]{section.4.2}{\376\377\004\043\004\101\004\072\004\076\004\100\004\065\004\075\004\070\004\065\000\040\004\062\004\113\004\107\004\070\004\101\004\073\004\065\004\075\004\070\004\071\000\040\004\062\000\040\004\102\004\100\004\065\004\105\004\074\004\065\004\100\004\075\004\076\004\074\000\040\004\101\004\073\004\103\004\107\004\060\004\065}{chapter.4}% 14
\BOOKMARK [0][-]{chapter.5}{\376\377\004\040\004\065\004\067\004\103\004\073\004\114\004\102\004\060\004\102\004\113\000\040\004\070\000\040\004\067\004\060\004\072\004\073\004\116\004\107\004\065\004\075\004\070\004\065}{}% 15
\BOOKMARK [1][-]{section.5.1}{\376\377\004\034\004\065\004\105\004\060\004\075\004\070\004\067\004\074\004\113\000\040\004\101\004\076\004\101\004\103\004\111\004\065\004\101\004\102\004\062\004\076\004\062\004\060\004\075\004\070\004\117\000\040\004\062\000\040\004\077\004\100\004\076\004\101\004\102\004\100\004\060\004\075\004\101\004\102\004\062\004\060\004\105\000\040\004\100\004\060\004\067\004\073\004\070\004\107\004\075\004\113\004\105\000\040\004\100\004\060\004\074\004\065\004\100\004\075\004\076\004\101\004\102\004\065\004\071}{chapter.5}% 16
\BOOKMARK [2][-]{subsection.5.1.1}{\376\377\000C\000o\000m\000p\000e\000t\000i\000t\000i\000o\000n\000-\000c\000o\000l\000o\000n\000i\000z\000a\000t\000i\000o\000n\000\040\000t\000r\000a\000d\000e\000-\000o\000f\000f}{section.5.1}% 17
\BOOKMARK [2][-]{subsection.5.1.2}{\376\377\000H\000e\000t\000e\000r\000o\000m\000y\000o\000p\000i\000a}{section.5.1}% 18
\BOOKMARK [2][-]{subsection.5.1.3}{\376\377\004\024\004\060\004\073\004\114\004\075\004\065\004\071\004\110\004\065\004\065\000\040\004\070\004\101\004\101\004\073\004\065\004\064\004\076\004\062\004\060\004\075\004\070\004\065}{section.5.1}% 19
\BOOKMARK [0][-]{chapter*.8}{\376\377\004\033\004\070\004\102\004\065\004\100\004\060\004\102\004\103\004\100\004\060}{}% 20
\BOOKMARK [0][-]{chapter*.9}{\376\377\004\041\004\077\004\070\004\101\004\076\004\072\000\040\004\070\004\073\004\073\004\116\004\101\004\102\004\100\004\060\004\106\004\070\004\071}{}% 21
